<?xml version="1.0" encoding="UTF-8"?>
<!-- Generated by org.testng.reporters.JUnitReportReporter -->
<testsuite hostname="DESKTOP-62NCO35" name="meera.AppTest" tests="1" failures="0" timestamp="18 Apr 2020 17:26:15 GMT" time="0.004" errors="0">
  <testcase name="testApp" time="0.004" classname="meera.AppTest"/>
</testsuite>
