<?xml version="1.0" encoding="UTF-8"?>
<!-- Generated by org.testng.reporters.JUnitReportReporter -->
<testsuite skipped="0" hostname="DESKTOP-62NCO35" name="meera.ExampleTest" tests="3" failures="0" timestamp="2020-04-27T10:26:40 PDT" time="0.009" errors="0">
  <testcase name="IOSApps" time="0.003" classname="meera.ExampleTest"/>
  <testcase name="welcome" time="0.003" classname="meera.ExampleTest"/>
  <testcase name="NativeAPpAndroid" time="0.003" classname="meera.ExampleTest"/>
</testsuite> <!-- meera.ExampleTest -->
