<?xml version="1.0" encoding="UTF-8"?>
<!-- Generated by org.testng.reporters.JUnitReportReporter -->
<testsuite hostname="DESKTOP-62NCO35" name="meera.SeliniumTest" tests="3" failures="0" timestamp="18 Apr 2020 18:13:35 GMT" time="0.012" errors="0">
  <testcase name="NativeAPpAndroid" time="0.001" classname="meera.SeliniumTest"/>
  <testcase name="welcome" time="0.001" classname="meera.SeliniumTest"/>
  <testcase name="IOSApps" time="0.010" classname="meera.SeliniumTest"/>
</testsuite>
