<?xml version="1.0" encoding="UTF-8"?>
<!-- Generated by org.testng.reporters.JUnitReportReporter -->
<testsuite hostname="DESKTOP-62NCO35" name="meera.ExampleTest" tests="3" failures="0" timestamp="18 Apr 2020 18:15:07 GMT" time="0.011" errors="0">
  <testcase name="NativeAPpAndroid" time="0.001" classname="meera.ExampleTest"/>
  <testcase name="welcome" time="0.001" classname="meera.ExampleTest"/>
  <testcase name="IOSApps" time="0.009" classname="meera.ExampleTest"/>
</testsuite>
